TN:
SF:app.js
FN:30,(anonymous_0)
FN:35,(anonymous_1)
FNF:2
FNH:2
FNDA:2,(anonymous_0)
FNDA:31,(anonymous_1)
DA:5,4
DA:6,4
DA:8,4
DA:10,4
DA:11,4
DA:12,4
DA:13,4
DA:15,4
DA:17,4
DA:19,4
DA:20,4
DA:21,4
DA:22,4
DA:24,4
DA:25,4
DA:26,4
DA:30,4
DA:31,2
DA:35,4
DA:36,31
DA:37,31
DA:38,31
DA:40,31
DA:45,4
LF:24
LH:24
BRDA:36,0,0,1
BRDA:36,0,1,30
BRDA:37,1,0,31
BRDA:37,1,1,2
BRF:4
BRH:4
end_of_record
TN:
SF:config.js
FN:13,getDatabaseUri
FNF:1
FNH:1
FNDA:18,getDatabaseUri
DA:5,9
DA:6,9
DA:8,9
DA:10,9
DA:14,18
DA:22,9
DA:24,9
DA:25,9
DA:26,9
DA:27,9
DA:28,9
DA:29,9
DA:31,9
LF:13
LH:13
BRDA:8,0,0,9
BRDA:8,0,1,8
BRDA:10,1,0,9
BRDA:10,1,1,8
BRDA:14,2,0,15
BRDA:14,2,1,3
BRDA:16,3,0,3
BRDA:16,3,1,1
BRDA:22,4,0,8
BRDA:22,4,1,1
BRF:10
BRH:10
end_of_record
TN:
SF:db.js
FNF:0
FNH:0
DA:5,6
DA:6,6
DA:8,6
DA:12,6
DA:14,6
LF:5
LH:5
BRF:0
BRH:0
end_of_record
TN:
SF:expressError.js
FN:8,(anonymous_0)
FN:18,(anonymous_1)
FN:26,(anonymous_2)
FN:34,(anonymous_3)
FN:42,(anonymous_4)
FNF:5
FNH:4
FNDA:45,(anonymous_0)
FNDA:15,(anonymous_1)
FNDA:12,(anonymous_2)
FNDA:18,(anonymous_3)
FNDA:0,(anonymous_4)
DA:9,45
DA:10,45
DA:11,45
DA:19,15
DA:27,12
DA:35,18
DA:43,0
DA:47,8
LF:8
LH:7
BRDA:18,0,0,2
BRDA:26,1,0,8
BRDA:34,2,0,0
BRDA:42,3,0,0
BRF:4
BRH:2
end_of_record
TN:
SF:helpers/sql.js
FN:22,sqlForPartialUpdate
FN:26,(anonymous_1)
FN:42,sqlForFilteringCompany
FNF:3
FNH:3
FNDA:15,sqlForPartialUpdate
FNDA:25,(anonymous_1)
FNDA:9,sqlForFilteringCompany
DA:3,7
DA:23,15
DA:24,15
DA:26,12
DA:27,25
DA:30,12
DA:43,9
DA:44,9
DA:45,9
DA:46,14
DA:47,6
DA:48,6
DA:49,8
DA:50,4
DA:51,4
DA:53,4
DA:54,4
DA:58,9
DA:59,9
DA:62,7
LF:20
LH:20
BRDA:24,0,0,3
BRDA:24,0,1,12
BRDA:27,1,0,25
BRDA:27,1,1,11
BRDA:46,2,0,6
BRDA:46,2,1,8
BRDA:49,3,0,4
BRDA:49,3,1,4
BRF:8
BRH:8
end_of_record
TN:
SF:helpers/tokens.js
FN:6,createToken
FNF:1
FNH:1
FNDA:10,createToken
DA:1,5
DA:2,5
DA:7,10
DA:10,10
DA:15,10
DA:18,5
LF:6
LH:6
BRDA:12,0,0,10
BRDA:12,0,1,8
BRF:2
BRH:2
end_of_record
TN:
SF:middleware/auth.js
FN:18,authenticateJWT
FN:36,ensureLoggedIn
FNF:2
FNH:2
FNDA:50,authenticateJWT
FNDA:32,ensureLoggedIn
DA:5,5
DA:6,5
DA:7,5
DA:19,50
DA:20,50
DA:21,50
DA:22,26
DA:23,26
DA:25,49
DA:27,1
DA:37,32
DA:38,32
DA:39,24
DA:41,8
DA:46,5
LF:15
LH:15
BRDA:20,0,0,50
BRDA:20,0,1,49
BRDA:21,1,0,26
BRDA:21,1,1,24
BRDA:38,2,0,8
BRDA:38,2,1,24
BRF:6
BRH:6
end_of_record
TN:
SF:models/_testCommon.js
FN:6,commonBeforeAll
FN:33,commonBeforeEach
FN:37,commonAfterEach
FN:41,commonAfterAll
FNF:4
FNH:4
FNDA:2,commonBeforeAll
FNDA:30,commonBeforeEach
FNDA:30,commonAfterEach
FNDA:2,commonAfterAll
DA:1,2
DA:3,2
DA:4,2
DA:8,2
DA:10,2
DA:12,2
DA:18,2
DA:34,30
DA:38,30
DA:42,2
DA:46,2
LF:11
LH:11
BRF:0
BRH:0
end_of_record
TN:
SF:models/company.js
FN:19,(anonymous_0)
FN:57,(anonymous_1)
FN:78,(anonymous_2)
FN:115,(anonymous_3)
FN:145,(anonymous_4)
FN:172,(anonymous_5)
FNF:6
FNH:6
FNDA:13,(anonymous_0)
FNDA:3,(anonymous_1)
FNDA:5,(anonymous_2)
FNDA:5,(anonymous_3)
FNDA:6,(anonymous_4)
FNDA:4,(anonymous_5)
DA:3,5
DA:4,5
DA:5,5
DA:20,13
DA:26,13
DA:27,1
DA:29,12
DA:47,12
DA:49,12
DA:58,3
DA:66,2
DA:79,5
DA:81,5
DA:82,3
DA:83,1
DA:87,4
DA:88,4
DA:89,4
DA:91,4
DA:100,4
DA:101,1
DA:103,3
DA:116,5
DA:126,5
DA:128,5
DA:130,3
DA:146,6
DA:152,5
DA:154,5
DA:159,5
DA:160,5
DA:162,5
DA:164,3
DA:173,4
DA:179,4
DA:181,4
DA:186,5
LF:37
LH:37
BRDA:26,0,0,1
BRDA:26,0,1,12
BRDA:81,1,0,3
BRDA:81,1,1,2
BRDA:81,2,0,5
BRDA:81,2,1,3
BRDA:82,3,0,1
BRDA:82,3,1,2
BRDA:100,4,0,1
BRDA:100,4,1,3
BRDA:128,5,0,2
BRDA:128,5,1,3
BRDA:162,6,0,2
BRDA:162,6,1,3
BRDA:181,7,0,2
BRDA:181,7,1,2
BRF:16
BRH:16
end_of_record
TN:
SF:models/user.js
FN:24,(anonymous_0)
FN:59,(anonymous_1)
FN:104,(anonymous_2)
FN:126,(anonymous_3)
FN:162,(anonymous_4)
FN:195,(anonymous_5)
FNF:6
FNH:6
FNDA:7,(anonymous_0)
FNDA:16,(anonymous_1)
FNDA:3,(anonymous_2)
FNDA:4,(anonymous_3)
FNDA:7,(anonymous_4)
FNDA:4,(anonymous_5)
DA:3,5
DA:4,5
DA:5,5
DA:10,5
DA:12,5
DA:26,7
DA:38,7
DA:40,7
DA:42,4
DA:43,4
DA:44,3
DA:45,3
DA:49,4
DA:61,16
DA:68,16
DA:69,1
DA:72,15
DA:74,15
DA:94,15
DA:96,15
DA:105,3
DA:115,2
DA:127,4
DA:138,4
DA:140,4
DA:142,2
DA:163,7
DA:164,2
DA:167,7
DA:174,6
DA:176,6
DA:184,6
DA:185,6
DA:187,6
DA:189,4
DA:190,4
DA:196,4
DA:203,4
DA:205,4
DA:210,5
LF:40
LH:40
BRDA:40,0,0,4
BRDA:40,0,1,3
BRDA:43,1,0,3
BRDA:43,1,1,1
BRDA:68,2,0,1
BRDA:68,2,1,15
BRDA:140,3,0,2
BRDA:140,3,1,2
BRDA:163,4,0,2
BRDA:163,4,1,5
BRDA:187,5,0,2
BRDA:187,5,1,4
BRDA:205,6,0,2
BRDA:205,6,1,2
BRF:14
BRH:14
end_of_record
TN:
SF:routes/_testCommon.js
FN:8,commonBeforeAll
FN:65,commonBeforeEach
FN:69,commonAfterEach
FN:73,commonAfterAll
FNF:4
FNH:4
FNDA:3,commonBeforeAll
FNDA:45,commonBeforeEach
FNDA:45,commonAfterEach
FNDA:3,commonAfterAll
DA:3,3
DA:4,3
DA:5,3
DA:6,3
DA:10,3
DA:12,3
DA:14,3
DA:22,3
DA:30,3
DA:39,3
DA:47,3
DA:55,3
DA:66,45
DA:70,45
DA:74,3
DA:78,3
DA:81,3
LF:17
LH:17
BRF:0
BRH:0
end_of_record
TN:
SF:routes/auth.js
FN:22,(anonymous_0)
FN:25,(anonymous_1)
FN:45,(anonymous_2)
FN:48,(anonymous_3)
FNF:4
FNH:4
FNDA:5,(anonymous_0)
FNDA:2,(anonymous_1)
FNDA:3,(anonymous_2)
FNDA:5,(anonymous_3)
DA:5,4
DA:7,4
DA:8,4
DA:9,4
DA:10,4
DA:11,4
DA:12,4
DA:13,4
DA:22,4
DA:23,5
DA:24,5
DA:25,2
DA:26,2
DA:29,3
DA:30,3
DA:31,1
DA:32,1
DA:45,4
DA:46,3
DA:47,3
DA:48,5
DA:49,2
DA:52,1
DA:53,1
DA:54,1
DA:58,4
LF:26
LH:26
BRDA:24,0,0,2
BRDA:24,0,1,3
BRDA:47,1,0,2
BRDA:47,1,1,1
BRF:4
BRH:4
end_of_record
TN:
SF:routes/companies.js
FN:28,(anonymous_0)
FN:31,(anonymous_1)
FN:50,(anonymous_2)
FN:61,(anonymous_3)
FN:83,(anonymous_4)
FN:99,(anonymous_5)
FN:102,(anonymous_6)
FN:115,(anonymous_7)
FNF:8
FNH:8
FNDA:3,(anonymous_0)
FNDA:3,(anonymous_1)
FNDA:4,(anonymous_2)
FNDA:1,(anonymous_3)
FNDA:3,(anonymous_4)
FNDA:4,(anonymous_5)
FNDA:2,(anonymous_6)
FNDA:2,(anonymous_7)
DA:5,4
DA:6,4
DA:8,4
DA:9,4
DA:10,4
DA:12,4
DA:13,4
DA:14,4
DA:16,4
DA:28,4
DA:29,3
DA:30,3
DA:31,3
DA:32,2
DA:35,1
DA:36,1
DA:50,4
DA:51,4
DA:53,4
DA:54,4
DA:55,2
DA:59,4
DA:60,4
DA:61,1
DA:62,1
DA:67,3
DA:68,2
DA:70,1
DA:72,2
DA:83,4
DA:84,3
DA:85,2
DA:99,4
DA:100,4
DA:101,4
DA:102,2
DA:103,2
DA:106,2
DA:107,1
DA:115,4
DA:116,2
DA:117,1
DA:121,4
LF:43
LH:43
BRDA:30,0,0,2
BRDA:30,0,1,1
BRDA:54,1,0,2
BRDA:54,1,1,2
BRDA:54,2,0,4
BRDA:54,2,1,3
BRDA:60,3,0,1
BRDA:60,3,1,3
BRDA:67,4,0,2
BRDA:67,4,1,1
BRDA:101,5,0,2
BRDA:101,5,1,2
BRF:12
BRH:12
end_of_record
TN:
SF:routes/users.js
FN:30,(anonymous_0)
FN:33,(anonymous_1)
FN:50,(anonymous_2)
FN:63,(anonymous_3)
FN:79,(anonymous_4)
FN:82,(anonymous_5)
FN:96,(anonymous_6)
FNF:7
FNH:7
FNDA:4,(anonymous_0)
FNDA:5,(anonymous_1)
FNDA:2,(anonymous_2)
FNDA:2,(anonymous_3)
FNDA:4,(anonymous_4)
FNDA:1,(anonymous_5)
FNDA:2,(anonymous_6)
DA:5,4
DA:7,4
DA:8,4
DA:9,4
DA:10,4
DA:11,4
DA:12,4
DA:13,4
DA:15,4
DA:30,4
DA:31,4
DA:32,4
DA:33,5
DA:34,2
DA:37,2
DA:38,2
DA:39,2
DA:50,4
DA:51,2
DA:52,1
DA:63,4
DA:64,2
DA:65,1
DA:79,4
DA:80,4
DA:81,4
DA:82,1
DA:83,1
DA:86,3
DA:87,2
DA:96,4
DA:97,2
DA:98,1
DA:102,4
LF:34
LH:34
BRDA:32,0,0,2
BRDA:32,0,1,2
BRDA:81,1,0,1
BRDA:81,1,1,3
BRF:4
BRH:4
end_of_record
